2022-04-26 11:31:53.395  INFO 10308 --- [main] com.project.music.MusicApplicationTests  : Starting MusicApplicationTests using Java 17.0.2 on DESKTOP-8DTJ75I with PID 10308 (started by NoirPhantom in E:\music)
2022-04-26 11:31:53.398  INFO 10308 --- [main] com.project.music.MusicApplicationTests  : No active profile set, falling back to 1 default profile: "default"
2022-04-26 11:31:53.832  INFO 10308 --- [main] .s.d.r.c.RepositoryConfigurationDelegate : Bootstrapping Spring Data JPA repositories in DEFAULT mode.
2022-04-26 11:31:53.867  INFO 10308 --- [main] .s.d.r.c.RepositoryConfigurationDelegate : Finished Spring Data repository scanning in 28 ms. Found 1 JPA repository interfaces.
2022-04-26 11:31:54.402  INFO 10308 --- [main] o.hibernate.jpa.internal.util.LogHelper  : HHH000204: Processing PersistenceUnitInfo [name: default]
2022-04-26 11:31:54.442  INFO 10308 --- [main] org.hibernate.Version                    : HHH000412: Hibernate ORM core version 5.6.8.Final
2022-04-26 11:31:54.554  INFO 10308 --- [main] o.hibernate.annotations.common.Version   : HCANN000001: Hibernate Commons Annotations {5.1.2.Final}
2022-04-26 11:31:54.669  INFO 10308 --- [main] com.zaxxer.hikari.HikariDataSource       : HikariPool-1 - Starting...
2022-04-26 11:31:54.961  INFO 10308 --- [main] com.zaxxer.hikari.HikariDataSource       : HikariPool-1 - Start completed.
2022-04-26 11:31:54.971  INFO 10308 --- [main] org.hibernate.dialect.Dialect            : HHH000400: Using dialect: org.hibernate.dialect.MySQL5InnoDBDialect
2022-04-26 11:31:55.603  INFO 10308 --- [main] o.h.e.t.j.p.i.JtaPlatformInitiator       : HHH000490: Using JtaPlatform implementation: [org.hibernate.engine.transaction.jta.platform.internal.NoJtaPlatform]
2022-04-26 11:31:55.608  INFO 10308 --- [main] j.LocalContainerEntityManagerFactoryBean : Initialized JPA EntityManagerFactory for persistence unit 'default'
2022-04-26 11:31:56.119  WARN 10308 --- [main] JpaBaseConfiguration$JpaWebConfiguration : spring.jpa.open-in-view is enabled by default. Therefore, database queries may be performed during view rendering. Explicitly configure spring.jpa.open-in-view to disable this warning
2022-04-26 11:31:57.361  INFO 10308 --- [main] com.project.music.MusicApplicationTests  : Started MusicApplicationTests in 4.212 seconds (JVM running for 4.904)
2022-04-26 11:31:57.759  INFO 10308 --- [SpringApplicationShutdownHook] j.LocalContainerEntityManagerFactoryBean : Closing JPA EntityManagerFactory for persistence unit 'default'
2022-04-26 11:31:57.762  INFO 10308 --- [SpringApplicationShutdownHook] com.zaxxer.hikari.HikariDataSource       : HikariPool-1 - Shutdown initiated...
2022-04-26 11:31:57.772  INFO 10308 --- [SpringApplicationShutdownHook] com.zaxxer.hikari.HikariDataSource       : HikariPool-1 - Shutdown completed.
2022-04-26 11:37:39.283  INFO 17860 --- [main] com.project.music.MusicApplicationTests  : Starting MusicApplicationTests using Java 17.0.2 on DESKTOP-8DTJ75I with PID 17860 (started by NoirPhantom in E:\music)
2022-04-26 11:37:39.285  INFO 17860 --- [main] com.project.music.MusicApplicationTests  : No active profile set, falling back to 1 default profile: "default"
2022-04-26 11:37:39.712  INFO 17860 --- [main] .s.d.r.c.RepositoryConfigurationDelegate : Bootstrapping Spring Data JPA repositories in DEFAULT mode.
2022-04-26 11:37:39.750  INFO 17860 --- [main] .s.d.r.c.RepositoryConfigurationDelegate : Finished Spring Data repository scanning in 32 ms. Found 1 JPA repository interfaces.
2022-04-26 11:37:40.258  INFO 17860 --- [main] o.hibernate.jpa.internal.util.LogHelper  : HHH000204: Processing PersistenceUnitInfo [name: default]
2022-04-26 11:37:40.306  INFO 17860 --- [main] org.hibernate.Version                    : HHH000412: Hibernate ORM core version 5.6.8.Final
2022-04-26 11:37:40.421  INFO 17860 --- [main] o.hibernate.annotations.common.Version   : HCANN000001: Hibernate Commons Annotations {5.1.2.Final}
2022-04-26 11:37:40.535  INFO 17860 --- [main] com.zaxxer.hikari.HikariDataSource       : HikariPool-1 - Starting...
2022-04-26 11:37:40.784  INFO 17860 --- [main] com.zaxxer.hikari.HikariDataSource       : HikariPool-1 - Start completed.
2022-04-26 11:37:40.794  INFO 17860 --- [main] org.hibernate.dialect.Dialect            : HHH000400: Using dialect: org.hibernate.dialect.MySQL5InnoDBDialect
2022-04-26 11:37:41.317  INFO 17860 --- [main] o.h.e.t.j.p.i.JtaPlatformInitiator       : HHH000490: Using JtaPlatform implementation: [org.hibernate.engine.transaction.jta.platform.internal.NoJtaPlatform]
2022-04-26 11:37:41.323  INFO 17860 --- [main] j.LocalContainerEntityManagerFactoryBean : Initialized JPA EntityManagerFactory for persistence unit 'default'
2022-04-26 11:37:41.919  WARN 17860 --- [main] JpaBaseConfiguration$JpaWebConfiguration : spring.jpa.open-in-view is enabled by default. Therefore, database queries may be performed during view rendering. Explicitly configure spring.jpa.open-in-view to disable this warning
2022-04-26 11:37:43.050  INFO 17860 --- [main] com.project.music.MusicApplicationTests  : Started MusicApplicationTests in 4.028 seconds (JVM running for 4.641)
2022-04-26 11:37:43.339  INFO 17860 --- [SpringApplicationShutdownHook] j.LocalContainerEntityManagerFactoryBean : Closing JPA EntityManagerFactory for persistence unit 'default'
2022-04-26 11:37:43.341  INFO 17860 --- [SpringApplicationShutdownHook] com.zaxxer.hikari.HikariDataSource       : HikariPool-1 - Shutdown initiated...
2022-04-26 11:37:43.350  INFO 17860 --- [SpringApplicationShutdownHook] com.zaxxer.hikari.HikariDataSource       : HikariPool-1 - Shutdown completed.
2022-04-26 11:56:25.563  INFO 10792 --- [main] com.project.music.MusicApplicationTests  : Starting MusicApplicationTests using Java 17.0.2 on DESKTOP-8DTJ75I with PID 10792 (started by NoirPhantom in E:\music)
2022-04-26 11:56:25.564  INFO 10792 --- [main] com.project.music.MusicApplicationTests  : No active profile set, falling back to 1 default profile: "default"
2022-04-26 11:56:26.009  INFO 10792 --- [main] .s.d.r.c.RepositoryConfigurationDelegate : Bootstrapping Spring Data JPA repositories in DEFAULT mode.
2022-04-26 11:56:26.048  INFO 10792 --- [main] .s.d.r.c.RepositoryConfigurationDelegate : Finished Spring Data repository scanning in 33 ms. Found 1 JPA repository interfaces.
2022-04-26 11:56:26.554  INFO 10792 --- [main] o.hibernate.jpa.internal.util.LogHelper  : HHH000204: Processing PersistenceUnitInfo [name: default]
2022-04-26 11:56:26.620  INFO 10792 --- [main] org.hibernate.Version                    : HHH000412: Hibernate ORM core version 5.6.8.Final
2022-04-26 11:56:26.740  INFO 10792 --- [main] o.hibernate.annotations.common.Version   : HCANN000001: Hibernate Commons Annotations {5.1.2.Final}
2022-04-26 11:56:26.852  INFO 10792 --- [main] com.zaxxer.hikari.HikariDataSource       : HikariPool-1 - Starting...
2022-04-26 11:56:27.102  INFO 10792 --- [main] com.zaxxer.hikari.HikariDataSource       : HikariPool-1 - Start completed.
2022-04-26 11:56:27.112  INFO 10792 --- [main] org.hibernate.dialect.Dialect            : HHH000400: Using dialect: org.hibernate.dialect.MySQL5InnoDBDialect
2022-04-26 11:56:27.612  INFO 10792 --- [main] o.h.e.t.j.p.i.JtaPlatformInitiator       : HHH000490: Using JtaPlatform implementation: [org.hibernate.engine.transaction.jta.platform.internal.NoJtaPlatform]
2022-04-26 11:56:27.619  INFO 10792 --- [main] j.LocalContainerEntityManagerFactoryBean : Initialized JPA EntityManagerFactory for persistence unit 'default'
2022-04-26 11:56:28.202  WARN 10792 --- [main] JpaBaseConfiguration$JpaWebConfiguration : spring.jpa.open-in-view is enabled by default. Therefore, database queries may be performed during view rendering. Explicitly configure spring.jpa.open-in-view to disable this warning
2022-04-26 11:56:29.354  INFO 10792 --- [main] com.project.music.MusicApplicationTests  : Started MusicApplicationTests in 4.054 seconds (JVM running for 4.737)
2022-04-26 11:56:29.554  INFO 10792 --- [SpringApplicationShutdownHook] j.LocalContainerEntityManagerFactoryBean : Closing JPA EntityManagerFactory for persistence unit 'default'
2022-04-26 11:56:29.556  INFO 10792 --- [SpringApplicationShutdownHook] com.zaxxer.hikari.HikariDataSource       : HikariPool-1 - Shutdown initiated...
2022-04-26 11:56:29.564  INFO 10792 --- [SpringApplicationShutdownHook] com.zaxxer.hikari.HikariDataSource       : HikariPool-1 - Shutdown completed.
2022-04-26 12:22:55.136  INFO 23232 --- [main] com.project.music.MusicApplicationTests  : Starting MusicApplicationTests using Java 17.0.2 on DESKTOP-8DTJ75I with PID 23232 (started by NoirPhantom in E:\music)
2022-04-26 12:22:55.137  INFO 23232 --- [main] com.project.music.MusicApplicationTests  : No active profile set, falling back to 1 default profile: "default"
2022-04-26 12:22:55.711  INFO 23232 --- [main] .s.d.r.c.RepositoryConfigurationDelegate : Bootstrapping Spring Data JPA repositories in DEFAULT mode.
2022-04-26 12:22:55.758  INFO 23232 --- [main] .s.d.r.c.RepositoryConfigurationDelegate : Finished Spring Data repository scanning in 39 ms. Found 1 JPA repository interfaces.
2022-04-26 12:22:56.331  INFO 23232 --- [main] o.hibernate.jpa.internal.util.LogHelper  : HHH000204: Processing PersistenceUnitInfo [name: default]
2022-04-26 12:22:56.390  INFO 23232 --- [main] org.hibernate.Version                    : HHH000412: Hibernate ORM core version 5.6.8.Final
2022-04-26 12:22:56.525  INFO 23232 --- [main] o.hibernate.annotations.common.Version   : HCANN000001: Hibernate Commons Annotations {5.1.2.Final}
2022-04-26 12:22:56.649  INFO 23232 --- [main] com.zaxxer.hikari.HikariDataSource       : HikariPool-1 - Starting...
2022-04-26 12:22:57.001  INFO 23232 --- [main] com.zaxxer.hikari.HikariDataSource       : HikariPool-1 - Start completed.
2022-04-26 12:22:57.014  INFO 23232 --- [main] org.hibernate.dialect.Dialect            : HHH000400: Using dialect: org.hibernate.dialect.MySQL5InnoDBDialect
2022-04-26 12:22:57.724  INFO 23232 --- [main] o.h.e.t.j.p.i.JtaPlatformInitiator       : HHH000490: Using JtaPlatform implementation: [org.hibernate.engine.transaction.jta.platform.internal.NoJtaPlatform]
2022-04-26 12:22:57.730  INFO 23232 --- [main] j.LocalContainerEntityManagerFactoryBean : Initialized JPA EntityManagerFactory for persistence unit 'default'
2022-04-26 12:22:58.507  WARN 23232 --- [main] JpaBaseConfiguration$JpaWebConfiguration : spring.jpa.open-in-view is enabled by default. Therefore, database queries may be performed during view rendering. Explicitly configure spring.jpa.open-in-view to disable this warning
2022-04-26 12:23:00.089  INFO 23232 --- [main] com.project.music.MusicApplicationTests  : Started MusicApplicationTests in 5.271 seconds (JVM running for 6.042)
2022-04-26 12:23:00.518  INFO 23232 --- [SpringApplicationShutdownHook] j.LocalContainerEntityManagerFactoryBean : Closing JPA EntityManagerFactory for persistence unit 'default'
2022-04-26 12:23:00.520  INFO 23232 --- [SpringApplicationShutdownHook] com.zaxxer.hikari.HikariDataSource       : HikariPool-1 - Shutdown initiated...
2022-04-26 12:23:00.529  INFO 23232 --- [SpringApplicationShutdownHook] com.zaxxer.hikari.HikariDataSource       : HikariPool-1 - Shutdown completed.
2022-04-26 12:23:38.914  INFO 15972 --- [main] com.project.music.MusicApplicationTests  : Starting MusicApplicationTests using Java 17.0.2 on DESKTOP-8DTJ75I with PID 15972 (started by NoirPhantom in E:\music)
2022-04-26 12:23:38.915  INFO 15972 --- [main] com.project.music.MusicApplicationTests  : No active profile set, falling back to 1 default profile: "default"
2022-04-26 12:23:39.418  INFO 15972 --- [main] .s.d.r.c.RepositoryConfigurationDelegate : Bootstrapping Spring Data JPA repositories in DEFAULT mode.
2022-04-26 12:23:39.456  INFO 15972 --- [main] .s.d.r.c.RepositoryConfigurationDelegate : Finished Spring Data repository scanning in 32 ms. Found 1 JPA repository interfaces.
2022-04-26 12:23:40.000  INFO 15972 --- [main] o.hibernate.jpa.internal.util.LogHelper  : HHH000204: Processing PersistenceUnitInfo [name: default]
2022-04-26 12:23:40.046  INFO 15972 --- [main] org.hibernate.Version                    : HHH000412: Hibernate ORM core version 5.6.8.Final
2022-04-26 12:23:40.170  INFO 15972 --- [main] o.hibernate.annotations.common.Version   : HCANN000001: Hibernate Commons Annotations {5.1.2.Final}
2022-04-26 12:23:40.300  INFO 15972 --- [main] com.zaxxer.hikari.HikariDataSource       : HikariPool-1 - Starting...
2022-04-26 12:23:40.579  INFO 15972 --- [main] com.zaxxer.hikari.HikariDataSource       : HikariPool-1 - Start completed.
2022-04-26 12:23:40.590  INFO 15972 --- [main] org.hibernate.dialect.Dialect            : HHH000400: Using dialect: org.hibernate.dialect.MySQL5InnoDBDialect
2022-04-26 12:23:41.112  INFO 15972 --- [main] o.h.e.t.j.p.i.JtaPlatformInitiator       : HHH000490: Using JtaPlatform implementation: [org.hibernate.engine.transaction.jta.platform.internal.NoJtaPlatform]
2022-04-26 12:23:41.118  INFO 15972 --- [main] j.LocalContainerEntityManagerFactoryBean : Initialized JPA EntityManagerFactory for persistence unit 'default'
2022-04-26 12:23:41.765  WARN 15972 --- [main] JpaBaseConfiguration$JpaWebConfiguration : spring.jpa.open-in-view is enabled by default. Therefore, database queries may be performed during view rendering. Explicitly configure spring.jpa.open-in-view to disable this warning
2022-04-26 12:23:43.423  INFO 15972 --- [main] com.project.music.MusicApplicationTests  : Started MusicApplicationTests in 4.794 seconds (JVM running for 5.489)
2022-04-26 12:23:43.679  INFO 15972 --- [SpringApplicationShutdownHook] j.LocalContainerEntityManagerFactoryBean : Closing JPA EntityManagerFactory for persistence unit 'default'
2022-04-26 12:23:43.690  INFO 15972 --- [SpringApplicationShutdownHook] com.zaxxer.hikari.HikariDataSource       : HikariPool-1 - Shutdown initiated...
2022-04-26 12:23:43.699  INFO 15972 --- [SpringApplicationShutdownHook] com.zaxxer.hikari.HikariDataSource       : HikariPool-1 - Shutdown completed.
2022-04-26 12:24:11.789  INFO 3804 --- [main] com.project.music.MusicApplicationTests  : Starting MusicApplicationTests using Java 17.0.2 on DESKTOP-8DTJ75I with PID 3804 (started by NoirPhantom in E:\music)
2022-04-26 12:24:11.791  INFO 3804 --- [main] com.project.music.MusicApplicationTests  : No active profile set, falling back to 1 default profile: "default"
2022-04-26 12:24:12.343  INFO 3804 --- [main] .s.d.r.c.RepositoryConfigurationDelegate : Bootstrapping Spring Data JPA repositories in DEFAULT mode.
2022-04-26 12:24:12.382  INFO 3804 --- [main] .s.d.r.c.RepositoryConfigurationDelegate : Finished Spring Data repository scanning in 31 ms. Found 1 JPA repository interfaces.
2022-04-26 12:24:12.954  INFO 3804 --- [main] o.hibernate.jpa.internal.util.LogHelper  : HHH000204: Processing PersistenceUnitInfo [name: default]
2022-04-26 12:24:13.016  INFO 3804 --- [main] org.hibernate.Version                    : HHH000412: Hibernate ORM core version 5.6.8.Final
2022-04-26 12:24:13.151  INFO 3804 --- [main] o.hibernate.annotations.common.Version   : HCANN000001: Hibernate Commons Annotations {5.1.2.Final}
2022-04-26 12:24:13.302  INFO 3804 --- [main] com.zaxxer.hikari.HikariDataSource       : HikariPool-1 - Starting...
2022-04-26 12:24:13.685  INFO 3804 --- [main] com.zaxxer.hikari.HikariDataSource       : HikariPool-1 - Start completed.
2022-04-26 12:24:13.700  INFO 3804 --- [main] org.hibernate.dialect.Dialect            : HHH000400: Using dialect: org.hibernate.dialect.MySQL5InnoDBDialect
2022-04-26 12:24:14.406  INFO 3804 --- [main] o.h.e.t.j.p.i.JtaPlatformInitiator       : HHH000490: Using JtaPlatform implementation: [org.hibernate.engine.transaction.jta.platform.internal.NoJtaPlatform]
2022-04-26 12:24:14.413  INFO 3804 --- [main] j.LocalContainerEntityManagerFactoryBean : Initialized JPA EntityManagerFactory for persistence unit 'default'
2022-04-26 12:24:15.096  WARN 3804 --- [main] JpaBaseConfiguration$JpaWebConfiguration : spring.jpa.open-in-view is enabled by default. Therefore, database queries may be performed during view rendering. Explicitly configure spring.jpa.open-in-view to disable this warning
2022-04-26 12:24:16.566  INFO 3804 --- [main] com.project.music.MusicApplicationTests  : Started MusicApplicationTests in 5.084 seconds (JVM running for 5.8)
2022-04-26 12:24:16.973  INFO 3804 --- [SpringApplicationShutdownHook] j.LocalContainerEntityManagerFactoryBean : Closing JPA EntityManagerFactory for persistence unit 'default'
2022-04-26 12:24:16.975  INFO 3804 --- [SpringApplicationShutdownHook] com.zaxxer.hikari.HikariDataSource       : HikariPool-1 - Shutdown initiated...
2022-04-26 12:24:16.984  INFO 3804 --- [SpringApplicationShutdownHook] com.zaxxer.hikari.HikariDataSource       : HikariPool-1 - Shutdown completed.
2022-04-26 12:27:13.725  INFO 8204 --- [main] com.project.music.MusicApplicationTests  : Starting MusicApplicationTests using Java 17.0.2 on DESKTOP-8DTJ75I with PID 8204 (started by NoirPhantom in E:\music)
2022-04-26 12:27:13.726  INFO 8204 --- [main] com.project.music.MusicApplicationTests  : No active profile set, falling back to 1 default profile: "default"
2022-04-26 12:27:14.136  INFO 8204 --- [main] .s.d.r.c.RepositoryConfigurationDelegate : Bootstrapping Spring Data JPA repositories in DEFAULT mode.
2022-04-26 12:27:14.175  INFO 8204 --- [main] .s.d.r.c.RepositoryConfigurationDelegate : Finished Spring Data repository scanning in 33 ms. Found 1 JPA repository interfaces.
2022-04-26 12:27:14.667  INFO 8204 --- [main] o.hibernate.jpa.internal.util.LogHelper  : HHH000204: Processing PersistenceUnitInfo [name: default]
2022-04-26 12:27:14.710  INFO 8204 --- [main] org.hibernate.Version                    : HHH000412: Hibernate ORM core version 5.6.8.Final
2022-04-26 12:27:14.819  INFO 8204 --- [main] o.hibernate.annotations.common.Version   : HCANN000001: Hibernate Commons Annotations {5.1.2.Final}
2022-04-26 12:27:14.929  INFO 8204 --- [main] com.zaxxer.hikari.HikariDataSource       : HikariPool-1 - Starting...
2022-04-26 12:27:15.190  INFO 8204 --- [main] com.zaxxer.hikari.HikariDataSource       : HikariPool-1 - Start completed.
2022-04-26 12:27:15.200  INFO 8204 --- [main] org.hibernate.dialect.Dialect            : HHH000400: Using dialect: org.hibernate.dialect.MySQL5InnoDBDialect
2022-04-26 12:27:15.696  INFO 8204 --- [main] o.h.e.t.j.p.i.JtaPlatformInitiator       : HHH000490: Using JtaPlatform implementation: [org.hibernate.engine.transaction.jta.platform.internal.NoJtaPlatform]
2022-04-26 12:27:15.701  INFO 8204 --- [main] j.LocalContainerEntityManagerFactoryBean : Initialized JPA EntityManagerFactory for persistence unit 'default'
2022-04-26 12:27:16.205  WARN 8204 --- [main] JpaBaseConfiguration$JpaWebConfiguration : spring.jpa.open-in-view is enabled by default. Therefore, database queries may be performed during view rendering. Explicitly configure spring.jpa.open-in-view to disable this warning
2022-04-26 12:27:17.317  INFO 8204 --- [main] com.project.music.MusicApplicationTests  : Started MusicApplicationTests in 3.827 seconds (JVM running for 4.458)
2022-04-26 12:27:17.803  INFO 8204 --- [SpringApplicationShutdownHook] j.LocalContainerEntityManagerFactoryBean : Closing JPA EntityManagerFactory for persistence unit 'default'
2022-04-26 12:27:17.805  INFO 8204 --- [SpringApplicationShutdownHook] com.zaxxer.hikari.HikariDataSource       : HikariPool-1 - Shutdown initiated...
2022-04-26 12:27:17.812  INFO 8204 --- [SpringApplicationShutdownHook] com.zaxxer.hikari.HikariDataSource       : HikariPool-1 - Shutdown completed.
2022-04-26 12:27:33.591  INFO 15016 --- [main] com.project.music.MusicApplicationTests  : Starting MusicApplicationTests using Java 17.0.2 on DESKTOP-8DTJ75I with PID 15016 (started by NoirPhantom in E:\music)
2022-04-26 12:27:33.592  INFO 15016 --- [main] com.project.music.MusicApplicationTests  : No active profile set, falling back to 1 default profile: "default"
2022-04-26 12:27:34.011  INFO 15016 --- [main] .s.d.r.c.RepositoryConfigurationDelegate : Bootstrapping Spring Data JPA repositories in DEFAULT mode.
2022-04-26 12:27:34.047  INFO 15016 --- [main] .s.d.r.c.RepositoryConfigurationDelegate : Finished Spring Data repository scanning in 30 ms. Found 1 JPA repository interfaces.
2022-04-26 12:27:34.497  INFO 15016 --- [main] o.hibernate.jpa.internal.util.LogHelper  : HHH000204: Processing PersistenceUnitInfo [name: default]
2022-04-26 12:27:34.537  INFO 15016 --- [main] org.hibernate.Version                    : HHH000412: Hibernate ORM core version 5.6.8.Final
2022-04-26 12:27:34.636  INFO 15016 --- [main] o.hibernate.annotations.common.Version   : HCANN000001: Hibernate Commons Annotations {5.1.2.Final}
2022-04-26 12:27:34.738  INFO 15016 --- [main] com.zaxxer.hikari.HikariDataSource       : HikariPool-1 - Starting...
2022-04-26 12:27:34.985  INFO 15016 --- [main] com.zaxxer.hikari.HikariDataSource       : HikariPool-1 - Start completed.
2022-04-26 12:27:34.995  INFO 15016 --- [main] org.hibernate.dialect.Dialect            : HHH000400: Using dialect: org.hibernate.dialect.MySQL5InnoDBDialect
2022-04-26 12:27:35.561  INFO 15016 --- [main] o.h.e.t.j.p.i.JtaPlatformInitiator       : HHH000490: Using JtaPlatform implementation: [org.hibernate.engine.transaction.jta.platform.internal.NoJtaPlatform]
2022-04-26 12:27:35.566  INFO 15016 --- [main] j.LocalContainerEntityManagerFactoryBean : Initialized JPA EntityManagerFactory for persistence unit 'default'
2022-04-26 12:27:36.127  WARN 15016 --- [main] JpaBaseConfiguration$JpaWebConfiguration : spring.jpa.open-in-view is enabled by default. Therefore, database queries may be performed during view rendering. Explicitly configure spring.jpa.open-in-view to disable this warning
2022-04-26 12:27:37.229  INFO 15016 --- [main] com.project.music.MusicApplicationTests  : Started MusicApplicationTests in 3.859 seconds (JVM running for 4.483)
2022-04-26 12:27:37.522  INFO 15016 --- [SpringApplicationShutdownHook] j.LocalContainerEntityManagerFactoryBean : Closing JPA EntityManagerFactory for persistence unit 'default'
2022-04-26 12:27:37.525  INFO 15016 --- [SpringApplicationShutdownHook] com.zaxxer.hikari.HikariDataSource       : HikariPool-1 - Shutdown initiated...
2022-04-26 12:27:37.534  INFO 15016 --- [SpringApplicationShutdownHook] com.zaxxer.hikari.HikariDataSource       : HikariPool-1 - Shutdown completed.
